Determining if the pthread_create exist failed with the following output:
Change Dir: /home/henry/Desktop/SFND_Lidar_Obstacle_Detection/src/quiz/ransac/build/CMakeFiles/CMakeTmp

Run Build Command:"/usr/bin/make" "cmTC_7d67e/fast"
/usr/bin/make -f CMakeFiles/cmTC_7d67e.dir/build.make CMakeFiles/cmTC_7d67e.dir/build
make[1]: Entering directory '/home/henry/Desktop/SFND_Lidar_Obstacle_Detection/src/quiz/ransac/build/CMakeFiles/CMakeTmp'
Building C object CMakeFiles/cmTC_7d67e.dir/CheckSymbolExists.c.o
/usr/bin/cc    -o CMakeFiles/cmTC_7d67e.dir/CheckSymbolExists.c.o   -c /home/henry/Desktop/SFND_Lidar_Obstacle_Detection/src/quiz/ransac/build/CMakeFiles/CMakeTmp/CheckSymbolExists.c
Linking C executable cmTC_7d67e
/usr/bin/cmake -E cmake_link_script CMakeFiles/cmTC_7d67e.dir/link.txt --verbose=1
/usr/bin/cc      -rdynamic CMakeFiles/cmTC_7d67e.dir/CheckSymbolExists.c.o  -o cmTC_7d67e 
CMakeFiles/cmTC_7d67e.dir/CheckSymbolExists.c.o: In function `main':
CheckSymbolExists.c:(.text+0x1b): undefined reference to `pthread_create'
collect2: error: ld returned 1 exit status
CMakeFiles/cmTC_7d67e.dir/build.make:97: recipe for target 'cmTC_7d67e' failed
make[1]: *** [cmTC_7d67e] Error 1
make[1]: Leaving directory '/home/henry/Desktop/SFND_Lidar_Obstacle_Detection/src/quiz/ransac/build/CMakeFiles/CMakeTmp'
Makefile:126: recipe for target 'cmTC_7d67e/fast' failed
make: *** [cmTC_7d67e/fast] Error 2

File /home/henry/Desktop/SFND_Lidar_Obstacle_Detection/src/quiz/ransac/build/CMakeFiles/CMakeTmp/CheckSymbolExists.c:
/* */
#include <pthread.h>

int main(int argc, char** argv)
{
  (void)argv;
#ifndef pthread_create
  return ((int*)(&pthread_create))[argc];
#else
  (void)argc;
  return 0;
#endif
}

Determining if the function pthread_create exists in the pthreads failed with the following output:
Change Dir: /home/henry/Desktop/SFND_Lidar_Obstacle_Detection/src/quiz/ransac/build/CMakeFiles/CMakeTmp

Run Build Command:"/usr/bin/make" "cmTC_1c50c/fast"
/usr/bin/make -f CMakeFiles/cmTC_1c50c.dir/build.make CMakeFiles/cmTC_1c50c.dir/build
make[1]: Entering directory '/home/henry/Desktop/SFND_Lidar_Obstacle_Detection/src/quiz/ransac/build/CMakeFiles/CMakeTmp'
Building C object CMakeFiles/cmTC_1c50c.dir/CheckFunctionExists.c.o
/usr/bin/cc   -DCHECK_FUNCTION_EXISTS=pthread_create   -o CMakeFiles/cmTC_1c50c.dir/CheckFunctionExists.c.o   -c /usr/share/cmake-3.10/Modules/CheckFunctionExists.c
Linking C executable cmTC_1c50c
/usr/bin/cmake -E cmake_link_script CMakeFiles/cmTC_1c50c.dir/link.txt --verbose=1
/usr/bin/cc  -DCHECK_FUNCTION_EXISTS=pthread_create    -rdynamic CMakeFiles/cmTC_1c50c.dir/CheckFunctionExists.c.o  -o cmTC_1c50c -lpthreads 
/usr/bin/ld: cannot find -lpthreads
collect2: error: ld returned 1 exit status
CMakeFiles/cmTC_1c50c.dir/build.make:97: recipe for target 'cmTC_1c50c' failed
make[1]: *** [cmTC_1c50c] Error 1
make[1]: Leaving directory '/home/henry/Desktop/SFND_Lidar_Obstacle_Detection/src/quiz/ransac/build/CMakeFiles/CMakeTmp'
Makefile:126: recipe for target 'cmTC_1c50c/fast' failed
make: *** [cmTC_1c50c/fast] Error 2


